<?xml version="1.0" encoding="UTF-8"?>
<!-- Generated by org.testng.reporters.JUnitReportReporter -->
<testsuite hostname="SHILIN2886" name="example.NewTest" tests="1" failures="0" timestamp="4 Dec 2018 01:51:04 GMT" time="6.790" errors="0">
  <testcase name="testNg" time="6.790" classname="example.NewTest"/>
</testsuite> <!-- example.NewTest -->
