<?xml version="1.0" encoding="UTF-8"?>
<!-- Generated by org.testng.reporters.JUnitReportReporter -->
<testsuite hostname="SHILIN2886" name="example.NewTest" tests="1" failures="0" timestamp="3 Jan 2019 10:02:20 GMT" time="7.644" errors="0">
  <testcase name="testNg" time="7.644" classname="example.NewTest"/>
</testsuite> <!-- example.NewTest -->
